
  .   ____          _            __ _ _
 /\\ / ___'_ __ _ _(_)_ __  __ _ \ \ \ \
( ( )\___ | '_ | '_| | '_ \/ _` | \ \ \ \
 \\/  ___)| |_)| | | | | || (_| |  ) ) ) )
  '  |____| .__|_| |_|_| |_\__, | / / / /
 =========|_|==============|___/=/_/_/_/

 :: Spring Boot ::                (v3.5.7)

2025-11-30T19:26:17.645+01:00  INFO 20820 --- [RuneStone Bank] [           main] c.a.r.RuneStoneBankApplication           : Starting RuneStoneBankApplication v0.0.1-SNAPSHOT using Java 25 with PID 20820 (C:\Users\user\Documents\RuneStone Bank\target\RuneStone_Bank-0.0.1-SNAPSHOT.jar started by user in C:\Users\user\Documents\RuneStone Bank)
2025-11-30T19:26:17.655+01:00  INFO 20820 --- [RuneStone Bank] [           main] c.a.r.RuneStoneBankApplication           : No active profile set, falling back to 1 default profile: "default"
2025-11-30T19:26:18.752+01:00  WARN 20820 --- [RuneStone Bank] [           main] ConfigServletWebServerApplicationContext : Exception encountered during context initialization - cancelling refresh attempt: org.springframework.beans.factory.support.BeanDefinitionOverrideException: Invalid bean definition with name 'springSecurityFilterChain' defined in class path resource [com/abraham_bankole/runestone_bank/config/SecurityConfig.class]: Cannot register bean definition [Root bean: class=null; scope=; abstract=false; lazyInit=null; autowireMode=3; dependencyCheck=0; autowireCandidate=true; primary=false; fallback=false; factoryBeanName=securityConfig; factoryMethodName=springSecurityFilterChain; initMethodNames=null; destroyMethodNames=[(inferred)]; defined in class path resource [com/abraham_bankole/runestone_bank/config/SecurityConfig.class]] for bean 'springSecurityFilterChain' since there is already [Root bean: class=null; scope=; abstract=false; lazyInit=null; autowireMode=3; dependencyCheck=0; autowireCandidate=true; primary=false; fallback=false; factoryBeanName=org.springframework.security.config.annotation.web.configuration.WebSecurityConfiguration; factoryMethodName=springSecurityFilterChain; initMethodNames=null; destroyMethodNames=[(inferred)]; defined in class path resource [org/springframework/security/config/annotation/web/configuration/WebSecurityConfiguration.class]] bound.
2025-11-30T19:26:18.763+01:00  INFO 20820 --- [RuneStone Bank] [           main] .s.b.a.l.ConditionEvaluationReportLogger : 

Error starting ApplicationContext. To display the condition evaluation report re-run your application with 'debug' enabled.
2025-11-30T19:26:18.793+01:00 ERROR 20820 --- [RuneStone Bank] [           main] o.s.b.d.LoggingFailureAnalysisReporter   : 

***************************
APPLICATION FAILED TO START
***************************

Description:

The bean 'springSecurityFilterChain', defined in class path resource [com/abraham_bankole/runestone_bank/config/SecurityConfig.class], could not be registered. A bean with that name has already been defined in class path resource [org/springframework/security/config/annotation/web/configuration/WebSecurityConfiguration.class] and overriding is disabled.

Action:

Consider renaming one of the beans or enabling overriding by setting spring.main.allow-bean-definition-overriding=true

